{"name": "Тест заказа самоката", "status": "broken", "statusDetails": {"message": "selenium.common.exceptions.TimeoutException: Message: \nStacktrace:\nRemoteError@chrome://remote/content/shared/RemoteError.sys.mjs:8:8\nWebDriverError@chrome://remote/content/shared/webdriver/Errors.sys.mjs:193:5\nNoSuchElementError@chrome://remote/content/shared/webdriver/Errors.sys.mjs:511:5\ndom.find/</<@chrome://remote/content/shared/DOM.sys.mjs:136:16", "trace": "self = <test_order_page.TestOrderPage object at 0x0000023591606C00>, main_page = <pages.main_page.MainPage object at 0x000002359165E180>\norder_page = <pages.order_page.OrderPage object at 0x000002359165F890>, button = ('xpath', '//div[contains(@class, \"Header_Nav\")]/button[text()=\"Заказать\"]'), date = '27.08.2024'\n\n    @allure.title('Тест заказа самоката')\n    @pytest.mark.parametrize('button, date',\n                             [\n                                 [MainPageLocators.ORDER_BUTTON_IN_HEADER, '27.08.2024'],\n                                 [MainPageLocators.ORDER_BUTTON_IN_FOOTER, '07.10.2024']\n                             ]\n                             )\n    def test_order_scooter(self, main_page, order_page, button, date):\n        main_page.click_on_cookie()\n        main_page.click_on_order_button(button)\n        order_page.set_data_for_whom_scooter()\n        order_page.click_next_button()\n>       order_page.set_data_about_rent(date)\n\ntests\\test_order_page.py:19: \n_ _ _ _ _ _ _ _ _ _ _ _ _ _ _ _ _ _ _ _ _ _ _ _ _ _ _ _ _ _ _ _ _ _ _ _ _ _ _ _ _ _ _ _ _ _ _ _ _ _ _ _ _ _ _ _ _ _ _ _ _ _ _ _ _ _ _ _ _ _ _ _ _ _ _ _ _ _ _ _ _ _ _ _ _ _ _ _ _ _ _ _\npages\\order_page.py:75: in set_data_about_rent\n    self.select_color()\npages\\order_page.py:64: in select_color\n    self.click_on_element(locator)\npages\\base_page.py:24: in click_on_element\n    element = self.find_element_and_wait(locator)\npages\\base_page.py:19: in find_element_and_wait\n    WebDriverWait(self.driver, Data.WAIT_TIME).until(EC.visibility_of_element_located(locator))\n_ _ _ _ _ _ _ _ _ _ _ _ _ _ _ _ _ _ _ _ _ _ _ _ _ _ _ _ _ _ _ _ _ _ _ _ _ _ _ _ _ _ _ _ _ _ _ _ _ _ _ _ _ _ _ _ _ _ _ _ _ _ _ _ _ _ _ _ _ _ _ _ _ _ _ _ _ _ _ _ _ _ _ _ _ _ _ _ _ _ _ _\n\nself = <selenium.webdriver.support.wait.WebDriverWait (session=\"0fcb26e8-b9cb-402f-8f29-dc8ee748f0ee\")>\nmethod = <function visibility_of_element_located.<locals>._predicate at 0x00000235916267A0>, message = ''\n\n    def until(self, method: Callable[[D], Union[Literal[False], T]], message: str = \"\") -> T:\n        \"\"\"Calls the method provided with the driver as an argument until the \\\n        return value does not evaluate to ``False``.\n    \n        :param method: callable(WebDriver)\n        :param message: optional message for :exc:`TimeoutException`\n        :returns: the result of the last call to `method`\n        :raises: :exc:`selenium.common.exceptions.TimeoutException` if timeout occurs\n        \"\"\"\n        screen = None\n        stacktrace = None\n    \n        end_time = time.monotonic() + self._timeout\n        while True:\n            try:\n                value = method(self._driver)\n                if value:\n                    return value\n            except self._ignored_exceptions as exc:\n                screen = getattr(exc, \"screen\", None)\n                stacktrace = getattr(exc, \"stacktrace\", None)\n            time.sleep(self._poll)\n            if time.monotonic() > end_time:\n                break\n>       raise TimeoutException(message, screen, stacktrace)\nE       selenium.common.exceptions.TimeoutException: Message: \nE       Stacktrace:\nE       RemoteError@chrome://remote/content/shared/RemoteError.sys.mjs:8:8\nE       WebDriverError@chrome://remote/content/shared/webdriver/Errors.sys.mjs:193:5\nE       NoSuchElementError@chrome://remote/content/shared/webdriver/Errors.sys.mjs:511:5\nE       dom.find/</<@chrome://remote/content/shared/DOM.sys.mjs:136:16\n\n.venv\\Lib\\site-packages\\selenium\\webdriver\\support\\wait.py:105: TimeoutException"}, "steps": [{"name": "Принимаем куки", "status": "passed", "steps": [{"name": "Клик на элемент", "status": "passed", "steps": [{"name": "Поиск элемента на страницы и ожидание загрузки", "status": "passed", "parameters": [{"name": "locator", "value": "('xpath', '//button[text() = \"да все привыкли\"]')"}], "start": 1730487311034, "stop": 1730487311107}], "parameters": [{"name": "locator", "value": "('xpath', '//button[text() = \"да все привыкли\"]')"}], "start": 1730487311033, "stop": 1730487311363}], "start": 1730487311033, "stop": 1730487311363}, {"name": "Клик на кнопку \"Заказать\"", "status": "passed", "steps": [{"name": "Клик на элемент", "status": "passed", "steps": [{"name": "Поиск элемента на страницы и ожидание загрузки", "status": "passed", "parameters": [{"name": "locator", "value": "('xpath', '//div[contains(@class, \"Header_Nav\")]/button[text()=\"Заказать\"]')"}], "start": 1730487311364, "stop": 1730487311394}], "parameters": [{"name": "locator", "value": "('xpath', '//div[contains(@class, \"Header_Nav\")]/button[text()=\"Заказать\"]')"}], "start": 1730487311364, "stop": 1730487311643}], "parameters": [{"name": "button", "value": "('xpath', '//div[contains(@class, \"Header_Nav\")]/button[text()=\"Заказать\"]')"}], "start": 1730487311363, "stop": 1730487311643}, {"name": "Заполняем поля \"Для кого самокат\"", "status": "passed", "steps": [{"name": "Заполнение поля \"Имя\"", "status": "passed", "steps": [{"name": "Ввод текста в поле", "status": "passed", "steps": [{"name": "Поиск элемента на страницы и ожидание загрузки", "status": "passed", "parameters": [{"name": "locator", "value": "('xpath', '//*[@placeholder=\"* Имя\"]')"}], "start": 1730487311644, "stop": 1730487311673}], "parameters": [{"name": "locator", "value": "('xpath', '//*[@placeholder=\"* Имя\"]')"}, {"name": "text", "value": "'Мария'"}], "start": 1730487311643, "stop": 1730487311843}], "start": 1730487311643, "stop": 1730487311843}, {"name": "Заполнение поля \"Фамилия\"", "status": "passed", "steps": [{"name": "Ввод текста в поле", "status": "passed", "steps": [{"name": "Поиск элемента на страницы и ожидание загрузки", "status": "passed", "parameters": [{"name": "locator", "value": "('xpath', '//*[@placeholder=\"* Фамилия\"]')"}], "start": 1730487311843, "stop": 1730487311861}], "parameters": [{"name": "locator", "value": "('xpath', '//*[@placeholder=\"* Фамилия\"]')"}, {"name": "text", "value": "'Иванова'"}], "start": 1730487311843, "stop": 1730487311903}], "start": 1730487311843, "stop": 1730487311903}, {"name": "Заполнение поля \"Адрес доставки\"", "status": "passed", "steps": [{"name": "Ввод текста в поле", "status": "passed", "steps": [{"name": "Поиск элемента на страницы и ожидание загрузки", "status": "passed", "parameters": [{"name": "locator", "value": "('xpath', '//*[@placeholder=\"* Адрес: куда привезти заказ\"]')"}], "start": 1730487311904, "stop": 1730487311926}], "parameters": [{"name": "locator", "value": "('xpath', '//*[@placeholder=\"* Адрес: куда привезти заказ\"]')"}, {"name": "text", "value": "'Советская, дом 3'"}], "start": 1730487311904, "stop": 1730487311988}], "start": 1730487311903, "stop": 1730487311988}, {"name": "Выбор станции метро", "status": "passed", "steps": [{"name": "Клик на элемент", "status": "passed", "steps": [{"name": "Поиск элемента на страницы и ожидание загрузки", "status": "passed", "parameters": [{"name": "locator", "value": "('xpath', '//*[@placeholder=\"* Станция метро\"]')"}], "start": 1730487311988, "stop": 1730487312010}], "parameters": [{"name": "locator", "value": "('xpath', '//*[@placeholder=\"* Станция метро\"]')"}], "start": 1730487311988, "stop": 1730487312300}, {"name": "Форматирование локатора", "status": "passed", "parameters": [{"name": "locator", "value": "('xpath', '//*[text()=\"{}\"]')"}, {"name": "number", "value": "'Киевская'"}], "start": 1730487312300, "stop": 1730487312300}, {"name": "Клик на элемент", "status": "passed", "steps": [{"name": "Поиск элемента на страницы и ожидание загрузки", "status": "passed", "parameters": [{"name": "locator", "value": "('xpath', '//*[text()=\"Киевская\"]')"}], "start": 1730487312300, "stop": 1730487312325}], "parameters": [{"name": "locator", "value": "('xpath', '//*[text()=\"Киевская\"]')"}], "start": 1730487312300, "stop": 1730487313038}], "start": 1730487311988, "stop": 1730487313038}, {"name": "Заполнение поля \"Номер телефона\"", "status": "passed", "steps": [{"name": "Ввод текста в поле", "status": "passed", "steps": [{"name": "Поиск элемента на страницы и ожидание загрузки", "status": "passed", "parameters": [{"name": "locator", "value": "('xpath', '//*[@placeholder=\"* Телефон: на него позвонит курьер\"]')"}], "start": 1730487313039, "stop": 1730487313062}], "parameters": [{"name": "locator", "value": "('xpath', '//*[@placeholder=\"* Телефон: на него позвонит курьер\"]')"}, {"name": "text", "value": "'89167970869'"}], "start": 1730487313039, "stop": 1730487313113}], "start": 1730487313039, "stop": 1730487313113}], "start": 1730487311643, "stop": 1730487313113}, {"name": "Нажимаем кнопку \"Далее\"", "status": "passed", "steps": [{"name": "Клик на элемент", "status": "passed", "steps": [{"name": "Поиск элемента на страницы и ожидание загрузки", "status": "passed", "parameters": [{"name": "locator", "value": "('xpath', '//button[text()=\"Далее\"]')"}], "start": 1730487313114, "stop": 1730487313135}], "parameters": [{"name": "locator", "value": "('xpath', '//button[text()=\"Далее\"]')"}], "start": 1730487313113, "stop": 1730487313364}], "start": 1730487313113, "stop": 1730487313365}, {"name": "Заполняем поля \"Про Аренду\"", "status": "broken", "statusDetails": {"message": "selenium.common.exceptions.TimeoutException: Message: \nStacktrace:\nRemoteError@chrome://remote/content/shared/RemoteError.sys.mjs:8:8\nWebDriverError@chrome://remote/content/shared/webdriver/Errors.sys.mjs:193:5\nNoSuchElementError@chrome://remote/content/shared/webdriver/Errors.sys.mjs:511:5\ndom.find/</<@chrome://remote/content/shared/DOM.sys.mjs:136:16\n\n", "trace": "  File \"C:\\Users\\nadezhda.salina\\PycharmProjects\\qa_python_1\\Sprint_6\\.venv\\Lib\\site-packages\\allure_commons\\_allure.py\", line 192, in impl\n    return func(*a, **kw)\n           ^^^^^^^^^^^^^^\n  File \"C:\\Users\\nadezhda.salina\\PycharmProjects\\qa_python_1\\Sprint_6\\pages\\order_page.py\", line 75, in set_data_about_rent\n    self.select_color()\n  File \"C:\\Users\\nadezhda.salina\\PycharmProjects\\qa_python_1\\Sprint_6\\.venv\\Lib\\site-packages\\allure_commons\\_allure.py\", line 192, in impl\n    return func(*a, **kw)\n           ^^^^^^^^^^^^^^\n  File \"C:\\Users\\nadezhda.salina\\PycharmProjects\\qa_python_1\\Sprint_6\\pages\\order_page.py\", line 64, in select_color\n    self.click_on_element(locator)\n  File \"C:\\Users\\nadezhda.salina\\PycharmProjects\\qa_python_1\\Sprint_6\\.venv\\Lib\\site-packages\\allure_commons\\_allure.py\", line 192, in impl\n    return func(*a, **kw)\n           ^^^^^^^^^^^^^^\n  File \"C:\\Users\\nadezhda.salina\\PycharmProjects\\qa_python_1\\Sprint_6\\pages\\base_page.py\", line 24, in click_on_element\n    element = self.find_element_and_wait(locator)\n              ^^^^^^^^^^^^^^^^^^^^^^^^^^^^^^^^^^^\n  File \"C:\\Users\\nadezhda.salina\\PycharmProjects\\qa_python_1\\Sprint_6\\.venv\\Lib\\site-packages\\allure_commons\\_allure.py\", line 192, in impl\n    return func(*a, **kw)\n           ^^^^^^^^^^^^^^\n  File \"C:\\Users\\nadezhda.salina\\PycharmProjects\\qa_python_1\\Sprint_6\\pages\\base_page.py\", line 19, in find_element_and_wait\n    WebDriverWait(self.driver, Data.WAIT_TIME).until(EC.visibility_of_element_located(locator))\n  File \"C:\\Users\\nadezhda.salina\\PycharmProjects\\qa_python_1\\Sprint_6\\.venv\\Lib\\site-packages\\selenium\\webdriver\\support\\wait.py\", line 105, in until\n    raise TimeoutException(message, screen, stacktrace)\n"}, "steps": [{"name": "Выбираем дату доставки самоката", "status": "passed", "steps": [{"name": "Ввод текста в поле", "status": "passed", "steps": [{"name": "Поиск элемента на страницы и ожидание загрузки", "status": "passed", "parameters": [{"name": "locator", "value": "('xpath', '//*[@placeholder=\"* Когда привезти самокат\"]')"}], "start": 1730487313366, "stop": 1730487313392}], "parameters": [{"name": "locator", "value": "('xpath', '//*[@placeholder=\"* Когда привезти самокат\"]')"}, {"name": "text", "value": "'27.08.2024'"}], "start": 1730487313365, "stop": 1730487313594}, {"name": "Клик на элемент", "status": "passed", "steps": [{"name": "Поиск элемента на страницы и ожидание загрузки", "status": "passed", "parameters": [{"name": "locator", "value": "('xpath', '//*[text()=\"Про аренду\"]')"}], "start": 1730487313595, "stop": 1730487313612}], "parameters": [{"name": "locator", "value": "('xpath', '//*[text()=\"Про аренду\"]')"}], "start": 1730487313595, "stop": 1730487313849}], "parameters": [{"name": "date", "value": "'27.08.2024'"}], "start": 1730487313365, "stop": 1730487313850}, {"name": "Выбираем срок аренды самоката", "status": "passed", "steps": [{"name": "Клик на элемент", "status": "passed", "steps": [{"name": "Поиск элемента на страницы и ожидание загрузки", "status": "passed", "parameters": [{"name": "locator", "value": "('xpath', '//div[@class=\"Dropdown-control\"]')"}], "start": 1730487313851, "stop": 1730487313904}], "parameters": [{"name": "locator", "value": "('xpath', '//div[@class=\"Dropdown-control\"]')"}], "start": 1730487313851, "stop": 1730487314143}, {"name": "Форматирование локатора", "status": "passed", "parameters": [{"name": "locator", "value": "('xpath', '//*[text()=\"{}\"]')"}, {"name": "number", "value": "'пятеро суток'"}], "start": 1730487314144, "stop": 1730487314144}, {"name": "Клик на элемент", "status": "passed", "steps": [{"name": "Поиск элемента на страницы и ожидание загрузки", "status": "passed", "parameters": [{"name": "locator", "value": "('xpath', '//*[text()=\"пятеро суток\"]')"}], "start": 1730487314144, "stop": 1730487314186}], "parameters": [{"name": "locator", "value": "('xpath', '//*[text()=\"пятеро суток\"]')"}], "start": 1730487314144, "stop": 1730487314923}], "start": 1730487313850, "stop": 1730487314923}, {"name": "Выбор цвета самоката", "status": "broken", "statusDetails": {"message": "selenium.common.exceptions.TimeoutException: Message: \nStacktrace:\nRemoteError@chrome://remote/content/shared/RemoteError.sys.mjs:8:8\nWebDriverError@chrome://remote/content/shared/webdriver/Errors.sys.mjs:193:5\nNoSuchElementError@chrome://remote/content/shared/webdriver/Errors.sys.mjs:511:5\ndom.find/</<@chrome://remote/content/shared/DOM.sys.mjs:136:16\n\n", "trace": "  File \"C:\\Users\\nadezhda.salina\\PycharmProjects\\qa_python_1\\Sprint_6\\.venv\\Lib\\site-packages\\allure_commons\\_allure.py\", line 192, in impl\n    return func(*a, **kw)\n           ^^^^^^^^^^^^^^\n  File \"C:\\Users\\nadezhda.salina\\PycharmProjects\\qa_python_1\\Sprint_6\\pages\\order_page.py\", line 64, in select_color\n    self.click_on_element(locator)\n  File \"C:\\Users\\nadezhda.salina\\PycharmProjects\\qa_python_1\\Sprint_6\\.venv\\Lib\\site-packages\\allure_commons\\_allure.py\", line 192, in impl\n    return func(*a, **kw)\n           ^^^^^^^^^^^^^^\n  File \"C:\\Users\\nadezhda.salina\\PycharmProjects\\qa_python_1\\Sprint_6\\pages\\base_page.py\", line 24, in click_on_element\n    element = self.find_element_and_wait(locator)\n              ^^^^^^^^^^^^^^^^^^^^^^^^^^^^^^^^^^^\n  File \"C:\\Users\\nadezhda.salina\\PycharmProjects\\qa_python_1\\Sprint_6\\.venv\\Lib\\site-packages\\allure_commons\\_allure.py\", line 192, in impl\n    return func(*a, **kw)\n           ^^^^^^^^^^^^^^\n  File \"C:\\Users\\nadezhda.salina\\PycharmProjects\\qa_python_1\\Sprint_6\\pages\\base_page.py\", line 19, in find_element_and_wait\n    WebDriverWait(self.driver, Data.WAIT_TIME).until(EC.visibility_of_element_located(locator))\n  File \"C:\\Users\\nadezhda.salina\\PycharmProjects\\qa_python_1\\Sprint_6\\.venv\\Lib\\site-packages\\selenium\\webdriver\\support\\wait.py\", line 105, in until\n    raise TimeoutException(message, screen, stacktrace)\n"}, "steps": [{"name": "Форматирование локатора", "status": "passed", "parameters": [{"name": "locator", "value": "('xpath', '//*[@id=\"{}\"]')"}, {"name": "number", "value": "'синий'"}], "start": 1730487314924, "stop": 1730487314924}, {"name": "Клик на элемент", "status": "broken", "statusDetails": {"message": "selenium.common.exceptions.TimeoutException: Message: \nStacktrace:\nRemoteError@chrome://remote/content/shared/RemoteError.sys.mjs:8:8\nWebDriverError@chrome://remote/content/shared/webdriver/Errors.sys.mjs:193:5\nNoSuchElementError@chrome://remote/content/shared/webdriver/Errors.sys.mjs:511:5\ndom.find/</<@chrome://remote/content/shared/DOM.sys.mjs:136:16\n\n", "trace": "  File \"C:\\Users\\nadezhda.salina\\PycharmProjects\\qa_python_1\\Sprint_6\\.venv\\Lib\\site-packages\\allure_commons\\_allure.py\", line 192, in impl\n    return func(*a, **kw)\n           ^^^^^^^^^^^^^^\n  File \"C:\\Users\\nadezhda.salina\\PycharmProjects\\qa_python_1\\Sprint_6\\pages\\base_page.py\", line 24, in click_on_element\n    element = self.find_element_and_wait(locator)\n              ^^^^^^^^^^^^^^^^^^^^^^^^^^^^^^^^^^^\n  File \"C:\\Users\\nadezhda.salina\\PycharmProjects\\qa_python_1\\Sprint_6\\.venv\\Lib\\site-packages\\allure_commons\\_allure.py\", line 192, in impl\n    return func(*a, **kw)\n           ^^^^^^^^^^^^^^\n  File \"C:\\Users\\nadezhda.salina\\PycharmProjects\\qa_python_1\\Sprint_6\\pages\\base_page.py\", line 19, in find_element_and_wait\n    WebDriverWait(self.driver, Data.WAIT_TIME).until(EC.visibility_of_element_located(locator))\n  File \"C:\\Users\\nadezhda.salina\\PycharmProjects\\qa_python_1\\Sprint_6\\.venv\\Lib\\site-packages\\selenium\\webdriver\\support\\wait.py\", line 105, in until\n    raise TimeoutException(message, screen, stacktrace)\n"}, "steps": [{"name": "Поиск элемента на страницы и ожидание загрузки", "status": "broken", "statusDetails": {"message": "selenium.common.exceptions.TimeoutException: Message: \nStacktrace:\nRemoteError@chrome://remote/content/shared/RemoteError.sys.mjs:8:8\nWebDriverError@chrome://remote/content/shared/webdriver/Errors.sys.mjs:193:5\nNoSuchElementError@chrome://remote/content/shared/webdriver/Errors.sys.mjs:511:5\ndom.find/</<@chrome://remote/content/shared/DOM.sys.mjs:136:16\n\n", "trace": "  File \"C:\\Users\\nadezhda.salina\\PycharmProjects\\qa_python_1\\Sprint_6\\.venv\\Lib\\site-packages\\allure_commons\\_allure.py\", line 192, in impl\n    return func(*a, **kw)\n           ^^^^^^^^^^^^^^\n  File \"C:\\Users\\nadezhda.salina\\PycharmProjects\\qa_python_1\\Sprint_6\\pages\\base_page.py\", line 19, in find_element_and_wait\n    WebDriverWait(self.driver, Data.WAIT_TIME).until(EC.visibility_of_element_located(locator))\n  File \"C:\\Users\\nadezhda.salina\\PycharmProjects\\qa_python_1\\Sprint_6\\.venv\\Lib\\site-packages\\selenium\\webdriver\\support\\wait.py\", line 105, in until\n    raise TimeoutException(message, screen, stacktrace)\n"}, "parameters": [{"name": "locator", "value": "('xpath', '//*[@id=\"синий\"]')"}], "start": 1730487314925, "stop": 1730487320034}], "parameters": [{"name": "locator", "value": "('xpath', '//*[@id=\"синий\"]')"}], "start": 1730487314925, "stop": 1730487320105}], "start": 1730487314923, "stop": 1730487320107}], "parameters": [{"name": "date", "value": "'27.08.2024'"}], "start": 1730487313365, "stop": 1730487320132}], "parameters": [{"name": "button", "value": "('xpath', '//div[contains(@class, \"Header_Nav\")]/button[text()=\"Заказать\"]')"}, {"name": "date", "value": "'27.08.2024'"}], "start": 1730487311033, "stop": 1730487320136, "uuid": "beefa6aa-a00d-4f67-813d-a0d66aa776cd", "historyId": "a7ee22fb0ed84840af54a8eb9a04dda1", "testCaseId": "d598867fc3308b5da3790645c342e9b7", "fullName": "tests.test_order_page.TestOrderPage#test_order_scooter", "labels": [{"name": "parentSuite", "value": "tests"}, {"name": "suite", "value": "test_order_page"}, {"name": "subSuite", "value": "TestOrderPage"}, {"name": "host", "value": "ast24help1c2"}, {"name": "thread", "value": "19488-MainThread"}, {"name": "framework", "value": "pytest"}, {"name": "language", "value": "cpython3"}, {"name": "package", "value": "tests.test_order_page"}]}